07/01/01 14:19:15 Server started
07/01/01 14:19:19 Server started
07/01/01 14:19:39 Server is ready on port 40001 (time stamp: 06/05/24 19:06:26 (KR))
07/01/01 14:19:26 Server started
07/01/01 14:19:50 Server started
07/01/01 14:19:50 Server is ready on port 50001, 50002 (time stamp: 05/08/09 14:24:32 (KR))
07/01/01 14:19:52 Server started
07/01/01 14:19:53 DB server version (Version:6, IID:0x2)
07/01/01 14:19:53 Auth server version (Version:2)
07/01/01 14:20:10 Server is ready on port 30001 (time stamp: 06/06/01 11:11:32 (KR))
07/01/01 14:26:15 Create Cheat Item. (KingKill33, Speed up Medicine, 2000)
07/01/01 14:27:50 Create Cheat Item. (KingKill33, Narootuh Scroll, 1)
07/01/01 14:28:54 Create Cheat Item. (KingKill33, Bean Paste Salmon, 90000)
07/01/01 14:34:17 Shutdown started
07/01/01 14:19:53 new connection 127.0.0.1
07/01/01 14:34:20 Shutdown started
07/01/01 14:34:20 close connection 127.0.0.1
07/01/01 14:34:21 Shutdown completed. (MaxUser:1)
07/01/01 14:19:52 new connection 127.0.0.1
07/01/01 14:19:53 max item ID(2)
07/01/01 14:34:22 Shutdown started
07/01/01 14:34:22 close connection 127.0.0.1
07/01/01 14:34:23 Shutdown completed
07/01/01 14:34:25 Shutdown completed
07/01/01 15:35:59 Server started
07/01/01 15:36:00 Server is ready on port 50001, 50002 (time stamp: 05/08/09 14:24:32 (KR))
07/01/01 15:36:02 Server started
07/01/01 15:36:03 Server is ready on port 40001 (time stamp: 06/05/24 19:06:26 (KR))
07/01/01 15:36:06 Server started
07/01/01 15:36:08 DB server version (Version:6, IID:0x5)
07/01/01 15:36:08 Auth server version (Version:2)
07/01/01 15:36:19 Server is ready on port 30001 (time stamp: 06/06/01 11:11:32 (KR))
07/01/01 15:37:18 Shutdown started
07/01/01 15:37:19 Shutdown completed
07/01/01 15:36:08 new connection 127.0.0.1
07/01/01 15:36:08 max item ID(5)
07/01/01 15:37:19 close connection 127.0.0.1
07/01/01 15:37:20 Shutdown started
07/01/01 15:37:21 Shutdown completed
07/01/01 15:36:08 new connection 127.0.0.1
07/01/01 15:37:19 close connection 127.0.0.1
07/01/01 15:37:22 Shutdown started
07/01/01 15:37:23 Shutdown completed. (MaxUser:1)
